2019-03-22 10:28:03.212 INFO  (main) [   ] o.e.j.u.log Logging initialized @906ms to org.eclipse.jetty.util.log.Slf4jLog
2019-03-22 10:28:03.363 WARN  (main) [   ] o.e.j.s.AbstractConnector Ignoring deprecated socket close linger time
2019-03-22 10:28:03.370 INFO  (main) [   ] o.e.j.s.Server jetty-9.4.14.v20181114; built: 2018-11-14T21:20:31.478Z; git: c4550056e785fb5665914545889f21dc136ad9e6; jvm 1.8.0_202-b08
2019-03-22 10:28:03.395 INFO  (main) [   ] o.e.j.d.p.ScanningAppProvider Deployment monitor [file:///C:/Users/paul.blak/Desktop/solr-7.7.1/server/contexts/] at interval 0
2019-03-22 10:28:03.936 INFO  (main) [   ] o.e.j.w.StandardDescriptorProcessor NO JSP Support for /solr, did not find org.apache.jasper.servlet.JspServlet
2019-03-22 10:28:03.954 INFO  (main) [   ] o.e.j.s.session DefaultSessionIdManager workerName=node0
2019-03-22 10:28:03.955 INFO  (main) [   ] o.e.j.s.session No SessionScavenger set, using defaults
2019-03-22 10:28:03.957 INFO  (main) [   ] o.e.j.s.session node0 Scavenging every 600000ms
2019-03-22 10:28:03.991 INFO  (main) [   ] o.a.s.u.c.SSLCredentialProviderFactory Processing SSL Credential Provider chain: env;sysprop
2019-03-22 10:28:04.015 INFO  (main) [   ] o.a.s.s.SolrDispatchFilter Using logger factory org.apache.logging.slf4j.Log4jLoggerFactory
2019-03-22 10:28:04.019 INFO  (main) [   ] o.a.s.s.SolrDispatchFilter  ___      _       Welcome to Apache Solr™ version 7.7.1
2019-03-22 10:28:04.020 INFO  (main) [   ] o.a.s.s.SolrDispatchFilter / __| ___| |_ _   Starting in standalone mode on port 8983
2019-03-22 10:28:04.020 INFO  (main) [   ] o.a.s.s.SolrDispatchFilter \__ \/ _ \ | '_|  Install dir: C:\Users\paul.blak\Desktop\solr-7.7.1
2019-03-22 10:28:04.020 INFO  (main) [   ] o.a.s.s.SolrDispatchFilter |___/\___/_|_|    Start time: 2019-03-22T10:28:04.020Z
2019-03-22 10:28:04.040 INFO  (main) [   ] o.a.s.c.SolrResourceLoader Using system property solr.solr.home: C:\Users\paul.blak\Desktop\solr-7.7.1\server\solr
2019-03-22 10:28:04.045 INFO  (main) [   ] o.a.s.c.SolrXmlConfig Loading container configuration from C:\Users\paul.blak\Desktop\solr-7.7.1\server\solr\solr.xml
2019-03-22 10:28:04.092 INFO  (main) [   ] o.a.s.c.SolrXmlConfig MBean server found: com.sun.jmx.mbeanserver.JmxMBeanServer@6385cb26, but no JMX reporters were configured - adding default JMX reporter.
2019-03-22 10:28:04.589 INFO  (main) [   ] o.a.s.h.c.HttpShardHandlerFactory Host whitelist initialized: WhitelistHostChecker [whitelistHosts=null, whitelistHostCheckingEnabled=true]
2019-03-22 10:28:05.071 INFO  (main) [   ] o.a.s.c.TransientSolrCoreCacheDefault Allocating transient cache for 2147483647 transient cores
2019-03-22 10:28:05.073 INFO  (main) [   ] o.a.s.h.a.MetricsHistoryHandler No .system collection, keeping metrics history in memory.
2019-03-22 10:28:05.134 INFO  (main) [   ] o.a.s.m.r.SolrJmxReporter JMX monitoring for 'solr.node' (registry 'solr.node') enabled at server: com.sun.jmx.mbeanserver.JmxMBeanServer@6385cb26
2019-03-22 10:28:05.135 INFO  (main) [   ] o.a.s.m.r.SolrJmxReporter JMX monitoring for 'solr.jvm' (registry 'solr.jvm') enabled at server: com.sun.jmx.mbeanserver.JmxMBeanServer@6385cb26
2019-03-22 10:28:05.141 INFO  (main) [   ] o.a.s.m.r.SolrJmxReporter JMX monitoring for 'solr.jetty' (registry 'solr.jetty') enabled at server: com.sun.jmx.mbeanserver.JmxMBeanServer@6385cb26
2019-03-22 10:28:05.193 INFO  (main) [   ] o.a.s.c.CorePropertiesLocator Found 1 core definitions underneath C:\Users\paul.blak\Desktop\solr-7.7.1\server\solr
2019-03-22 10:28:05.193 INFO  (main) [   ] o.a.s.c.CorePropertiesLocator Cores are: [tchibo]
2019-03-22 10:28:05.236 INFO  (coreLoadExecutor-9-thread-1) [   x:tchibo] o.a.s.c.SolrResourceLoader [tchibo] Added 59 libs to classloader, from paths: [/C:/Users/paul.blak/Desktop/solr-7.7.1/contrib/clustering/lib, /C:/Users/paul.blak/Desktop/solr-7.7.1/contrib/extraction/lib, /C:/Users/paul.blak/Desktop/solr-7.7.1/contrib/langid/lib, /C:/Users/paul.blak/Desktop/solr-7.7.1/contrib/velocity/lib, /C:/Users/paul.blak/Desktop/solr-7.7.1/dist, /C:/Users/paul.blak/Desktop/solr-7.7.1/example/files/browse-resources]
2019-03-22 10:28:05.395 INFO  (coreLoadExecutor-9-thread-1) [   x:tchibo] o.a.s.c.SolrConfig Using Lucene MatchVersion: 7.7.1
2019-03-22 10:28:05.525 INFO  (coreLoadExecutor-9-thread-1) [   x:tchibo] o.a.s.s.IndexSchema [tchibo] Schema name=example-data-driven-schema
2019-03-22 10:28:05.566 WARN  (coreLoadExecutor-9-thread-1) [   x:tchibo] o.a.s.c.SolrResourceLoader Solr loaded a deprecated plugin/analysis class [solr.LatLonType]. Please consult documentation how to replace it accordingly.
2019-03-22 10:28:05.669 INFO  (main) [   ] o.e.j.s.h.ContextHandler Started o.e.j.w.WebAppContext@707194ba{/solr,file:///C:/Users/paul.blak/Desktop/solr-7.7.1/server/solr-webapp/webapp/,AVAILABLE}{C:\Users\paul.blak\Desktop\solr-7.7.1\server/solr-webapp/webapp}
2019-03-22 10:28:05.687 INFO  (main) [   ] o.e.j.s.AbstractConnector Started ServerConnector@4fc5e095{HTTP/1.1,[http/1.1]}{0.0.0.0:8983}
2019-03-22 10:28:05.687 INFO  (main) [   ] o.e.j.s.Server Started @3382ms
2019-03-22 10:28:05.887 INFO  (qtp591391158-22) [   ] o.a.s.s.HttpSolrCall [admin] webapp=null path=/admin/info/system params={wt=json} status=0 QTime=53
2019-03-22 10:28:06.000 INFO  (coreLoadExecutor-9-thread-1) [   x:tchibo] o.a.s.s.IndexSchema Loaded schema example-data-driven-schema/1.6 with uniqueid field id
2019-03-22 10:28:06.039 INFO  (coreLoadExecutor-9-thread-1) [   x:tchibo] o.a.s.c.CoreContainer Creating SolrCore 'tchibo' using configuration from instancedir C:\Users\paul.blak\Desktop\solr-7.7.1\server\solr\tchibo, trusted=true
2019-03-22 10:28:06.049 INFO  (coreLoadExecutor-9-thread-1) [   x:tchibo] o.a.s.m.r.SolrJmxReporter JMX monitoring for 'solr.core.tchibo' (registry 'solr.core.tchibo') enabled at server: com.sun.jmx.mbeanserver.JmxMBeanServer@6385cb26
2019-03-22 10:28:06.064 INFO  (coreLoadExecutor-9-thread-1) [   x:tchibo] o.a.s.c.SolrCore [[tchibo] ] Opening new SolrCore at [C:\Users\paul.blak\Desktop\solr-7.7.1\server\solr\tchibo], dataDir=[C:\Users\paul.blak\Desktop\solr-7.7.1\server\solr\tchibo\tchibodata\]
2019-03-22 10:28:06.112 INFO  (coreLoadExecutor-9-thread-1) [   x:tchibo] o.a.s.r.XSLTResponseWriter xsltCacheLifetimeSeconds=5
2019-03-22 10:28:06.803 INFO  (coreLoadExecutor-9-thread-1) [   x:tchibo] o.a.s.u.UpdateHandler Using UpdateLog implementation: org.apache.solr.update.UpdateLog
2019-03-22 10:28:06.803 INFO  (coreLoadExecutor-9-thread-1) [   x:tchibo] o.a.s.u.UpdateLog Initializing UpdateLog: dataDir= defaultSyncLevel=FLUSH numRecordsToKeep=100 maxNumLogsToKeep=10 numVersionBuckets=65536
2019-03-22 10:28:06.823 INFO  (coreLoadExecutor-9-thread-1) [   x:tchibo] o.a.s.u.CommitTracker Hard AutoCommit: if uncommitted for 15000ms; 
2019-03-22 10:28:06.823 INFO  (coreLoadExecutor-9-thread-1) [   x:tchibo] o.a.s.u.CommitTracker Soft AutoCommit: disabled
2019-03-22 10:28:07.028 INFO  (coreLoadExecutor-9-thread-1) [   x:tchibo] o.a.s.s.SolrIndexSearcher Opening [Searcher@185ed63e[tchibo] main]
2019-03-22 10:28:07.037 INFO  (coreLoadExecutor-9-thread-1) [   x:tchibo] o.a.s.r.ManagedResourceStorage File-based storage initialized to use dir: C:\Users\paul.blak\Desktop\solr-7.7.1\server\solr\tchibo\conf
2019-03-22 10:28:07.054 INFO  (coreLoadExecutor-9-thread-1) [   x:tchibo] o.a.s.h.c.SpellCheckComponent Initializing spell checkers
2019-03-22 10:28:07.059 INFO  (coreLoadExecutor-9-thread-1) [   x:tchibo] o.a.s.s.DirectSolrSpellChecker init: {name=default,field=text,classname=solr.DirectSolrSpellChecker,distanceMeasure=internal,accuracy=0.5,maxEdits=2,minPrefix=1,maxInspections=5,minQueryLength=4,maxQueryFrequency=0.01}
2019-03-22 10:28:07.066 INFO  (coreLoadExecutor-9-thread-1) [   x:tchibo] o.a.s.h.c.QueryElevationComponent Loading QueryElevation from: C:\Users\paul.blak\Desktop\solr-7.7.1\server\solr\tchibo\conf\elevate.xml
2019-03-22 10:28:07.373 INFO  (coreLoadExecutor-9-thread-1) [   x:tchibo] o.a.s.h.ReplicationHandler Commits will be reserved for 10000ms.
2019-03-22 10:28:07.380 INFO  (searcherExecutor-10-thread-1-processing-x:tchibo) [   x:tchibo] o.a.s.c.QuerySenderListener QuerySenderListener sending requests to Searcher@185ed63e[tchibo] main{ExitableDirectoryReader(UninvertingDirectoryReader(Uninverting(_2pf(7.7.1):C15815:[diagnostics={os=Windows 10, java.vendor=Oracle Corporation, java.version=1.8.0_202, java.vm.version=25.202-b08, lucene.version=7.7.1, mergeMaxNumSegments=-1, os.arch=amd64, java.runtime.version=1.8.0_202-b08, source=merge, mergeFactor=10, os.version=10.0, timestamp=1553247873807}]:[attributes={Lucene50StoredFieldsFormat.mode=BEST_SPEED}]) Uninverting(_38n(7.7.1):C23818:[diagnostics={os=Windows 10, java.vendor=Oracle Corporation, java.version=1.8.0_202, java.vm.version=25.202-b08, lucene.version=7.7.1, mergeMaxNumSegments=-1, os.arch=amd64, java.runtime.version=1.8.0_202-b08, source=merge, mergeFactor=10, os.version=10.0, timestamp=1553247880534}]:[attributes={Lucene50StoredFieldsFormat.mode=BEST_SPEED}]) Uninverting(_3gg(7.7.1):c4126:[diagnostics={os=Windows 10, java.vendor=Oracle Corporation, java.version=1.8.0_202, java.vm.version=25.202-b08, lucene.version=7.7.1, mergeMaxNumSegments=-1, os.arch=amd64, java.runtime.version=1.8.0_202-b08, source=merge, mergeFactor=10, os.version=10.0, timestamp=1553247883267}]:[attributes={Lucene50StoredFieldsFormat.mode=BEST_SPEED}]) Uninverting(_3ta(7.7.1):C7516:[diagnostics={os=Windows 10, java.vendor=Oracle Corporation, java.version=1.8.0_202, java.vm.version=25.202-b08, lucene.version=7.7.1, mergeMaxNumSegments=-1, os.arch=amd64, java.runtime.version=1.8.0_202-b08, source=merge, mergeFactor=10, os.version=10.0, timestamp=1553247887736}]:[attributes={Lucene50StoredFieldsFormat.mode=BEST_SPEED}]) Uninverting(_3kn(7.7.1):C6624:[diagnostics={os=Windows 10, java.vendor=Oracle Corporation, java.version=1.8.0_202, java.vm.version=25.202-b08, lucene.version=7.7.1, mergeMaxNumSegments=-1, os.arch=amd64, java.runtime.version=1.8.0_202-b08, source=merge, mergeFactor=10, os.version=10.0, timestamp=1553247884711}]:[attributes={Lucene50StoredFieldsFormat.mode=BEST_SPEED}]) Uninverting(_3ot(7.7.1):c3894:[diagnostics={os=Windows 10, java.vendor=Oracle Corporation, java.version=1.8.0_202, java.vm.version=25.202-b08, lucene.version=7.7.1, mergeMaxNumSegments=-1, os.arch=amd64, java.runtime.version=1.8.0_202-b08, source=merge, mergeFactor=10, os.version=10.0, timestamp=1553247886177}]:[attributes={Lucene50StoredFieldsFormat.mode=BEST_SPEED}]) Uninverting(_3zz(7.7.1):C6382:[diagnostics={os=Windows 10, java.vendor=Oracle Corporation, java.version=1.8.0_202, java.vm.version=25.202-b08, lucene.version=7.7.1, mergeMaxNumSegments=-1, os.arch=amd64, java.runtime.version=1.8.0_202-b08, source=merge, mergeFactor=10, os.version=10.0, timestamp=1553247890190}]:[attributes={Lucene50StoredFieldsFormat.mode=BEST_SPEED}]) Uninverting(_459(7.7.1):c4177:[diagnostics={os=Windows 10, java.vendor=Oracle Corporation, java.version=1.8.0_202, java.vm.version=25.202-b08, lucene.version=7.7.1, mergeMaxNumSegments=-1, os.arch=amd64, java.runtime.version=1.8.0_202-b08, source=merge, mergeFactor=10, os.version=10.0, timestamp=1553247892078}]:[attributes={Lucene50StoredFieldsFormat.mode=BEST_SPEED}]) Uninverting(_47i(7.7.1):c1021:[diagnostics={os=Windows 10, java.vendor=Oracle Corporation, java.version=1.8.0_202, java.vm.version=25.202-b08, lucene.version=7.7.1, mergeMaxNumSegments=-1, os.arch=amd64, java.runtime.version=1.8.0_202-b08, source=merge, mergeFactor=10, os.version=10.0, timestamp=1553247892921}]:[attributes={Lucene50StoredFieldsFormat.mode=BEST_SPEED}]) Uninverting(_46y(7.7.1):c609:[diagnostics={os=Windows 10, java.vendor=Oracle Corporation, java.version=1.8.0_202, java.vm.version=25.202-b08, lucene.version=7.7.1, mergeMaxNumSegments=-1, os.arch=amd64, java.runtime.version=1.8.0_202-b08, source=merge, mergeFactor=10, os.version=10.0, timestamp=1553247892707}]:[attributes={Lucene50StoredFieldsFormat.mode=BEST_SPEED}]) Uninverting(_47t(7.7.1):c198:[diagnostics={os=Windows 10, java.vendor=Oracle Corporation, java.version=1.8.0_202, java.vm.version=25.202-b08, lucene.version=7.7.1, mergeMaxNumSegments=-1, os.arch=amd64, java.runtime.version=1.8.0_202-b08, source=merge, mergeFactor=10, os.version=10.0, timestamp=1553247893022}]:[attributes={Lucene50StoredFieldsFormat.mode=BEST_SPEED}]) Uninverting(_47s(7.7.1):C23:[diagnostics={java.runtime.version=1.8.0_202-b08, java.vendor=Oracle Corporation, java.version=1.8.0_202, java.vm.version=25.202-b08, lucene.version=7.7.1, os=Windows 10, os.arch=amd64, os.version=10.0, source=flush, timestamp=1553247893031}]:[attributes={Lucene50StoredFieldsFormat.mode=BEST_SPEED}]) Uninverting(_47u(7.7.1):C22:[diagnostics={java.runtime.version=1.8.0_202-b08, java.vendor=Oracle Corporation, java.version=1.8.0_202, java.vm.version=25.202-b08, lucene.version=7.7.1, os=Windows 10, os.arch=amd64, os.version=10.0, source=flush, timestamp=1553247893041}]:[attributes={Lucene50StoredFieldsFormat.mode=BEST_SPEED}]) Uninverting(_47v(7.7.1):C20:[diagnostics={java.runtime.version=1.8.0_202-b08, java.vendor=Oracle Corporation, java.version=1.8.0_202, java.vm.version=25.202-b08, lucene.version=7.7.1, os=Windows 10, os.arch=amd64, os.version=10.0, source=flush, timestamp=1553247893052}]:[attributes={Lucene50StoredFieldsFormat.mode=BEST_SPEED}])))}
2019-03-22 10:28:07.380 INFO  (searcherExecutor-10-thread-1-processing-x:tchibo) [   x:tchibo] o.a.s.c.QuerySenderListener QuerySenderListener done.
2019-03-22 10:28:07.380 INFO  (searcherExecutor-10-thread-1-processing-x:tchibo) [   x:tchibo] o.a.s.h.c.SpellCheckComponent Loading spell index for spellchecker: default
2019-03-22 10:28:07.380 INFO  (searcherExecutor-10-thread-1-processing-x:tchibo) [   x:tchibo] o.a.s.h.c.SpellCheckComponent Loading spell index for spellchecker: wordbreak
2019-03-22 10:28:07.387 INFO  (searcherExecutor-10-thread-1-processing-x:tchibo) [   x:tchibo] o.a.s.c.SolrCore [tchibo] Registered new searcher Searcher@185ed63e[tchibo] main{ExitableDirectoryReader(UninvertingDirectoryReader(Uninverting(_2pf(7.7.1):C15815:[diagnostics={os=Windows 10, java.vendor=Oracle Corporation, java.version=1.8.0_202, java.vm.version=25.202-b08, lucene.version=7.7.1, mergeMaxNumSegments=-1, os.arch=amd64, java.runtime.version=1.8.0_202-b08, source=merge, mergeFactor=10, os.version=10.0, timestamp=1553247873807}]:[attributes={Lucene50StoredFieldsFormat.mode=BEST_SPEED}]) Uninverting(_38n(7.7.1):C23818:[diagnostics={os=Windows 10, java.vendor=Oracle Corporation, java.version=1.8.0_202, java.vm.version=25.202-b08, lucene.version=7.7.1, mergeMaxNumSegments=-1, os.arch=amd64, java.runtime.version=1.8.0_202-b08, source=merge, mergeFactor=10, os.version=10.0, timestamp=1553247880534}]:[attributes={Lucene50StoredFieldsFormat.mode=BEST_SPEED}]) Uninverting(_3gg(7.7.1):c4126:[diagnostics={os=Windows 10, java.vendor=Oracle Corporation, java.version=1.8.0_202, java.vm.version=25.202-b08, lucene.version=7.7.1, mergeMaxNumSegments=-1, os.arch=amd64, java.runtime.version=1.8.0_202-b08, source=merge, mergeFactor=10, os.version=10.0, timestamp=1553247883267}]:[attributes={Lucene50StoredFieldsFormat.mode=BEST_SPEED}]) Uninverting(_3ta(7.7.1):C7516:[diagnostics={os=Windows 10, java.vendor=Oracle Corporation, java.version=1.8.0_202, java.vm.version=25.202-b08, lucene.version=7.7.1, mergeMaxNumSegments=-1, os.arch=amd64, java.runtime.version=1.8.0_202-b08, source=merge, mergeFactor=10, os.version=10.0, timestamp=1553247887736}]:[attributes={Lucene50StoredFieldsFormat.mode=BEST_SPEED}]) Uninverting(_3kn(7.7.1):C6624:[diagnostics={os=Windows 10, java.vendor=Oracle Corporation, java.version=1.8.0_202, java.vm.version=25.202-b08, lucene.version=7.7.1, mergeMaxNumSegments=-1, os.arch=amd64, java.runtime.version=1.8.0_202-b08, source=merge, mergeFactor=10, os.version=10.0, timestamp=1553247884711}]:[attributes={Lucene50StoredFieldsFormat.mode=BEST_SPEED}]) Uninverting(_3ot(7.7.1):c3894:[diagnostics={os=Windows 10, java.vendor=Oracle Corporation, java.version=1.8.0_202, java.vm.version=25.202-b08, lucene.version=7.7.1, mergeMaxNumSegments=-1, os.arch=amd64, java.runtime.version=1.8.0_202-b08, source=merge, mergeFactor=10, os.version=10.0, timestamp=1553247886177}]:[attributes={Lucene50StoredFieldsFormat.mode=BEST_SPEED}]) Uninverting(_3zz(7.7.1):C6382:[diagnostics={os=Windows 10, java.vendor=Oracle Corporation, java.version=1.8.0_202, java.vm.version=25.202-b08, lucene.version=7.7.1, mergeMaxNumSegments=-1, os.arch=amd64, java.runtime.version=1.8.0_202-b08, source=merge, mergeFactor=10, os.version=10.0, timestamp=1553247890190}]:[attributes={Lucene50StoredFieldsFormat.mode=BEST_SPEED}]) Uninverting(_459(7.7.1):c4177:[diagnostics={os=Windows 10, java.vendor=Oracle Corporation, java.version=1.8.0_202, java.vm.version=25.202-b08, lucene.version=7.7.1, mergeMaxNumSegments=-1, os.arch=amd64, java.runtime.version=1.8.0_202-b08, source=merge, mergeFactor=10, os.version=10.0, timestamp=1553247892078}]:[attributes={Lucene50StoredFieldsFormat.mode=BEST_SPEED}]) Uninverting(_47i(7.7.1):c1021:[diagnostics={os=Windows 10, java.vendor=Oracle Corporation, java.version=1.8.0_202, java.vm.version=25.202-b08, lucene.version=7.7.1, mergeMaxNumSegments=-1, os.arch=amd64, java.runtime.version=1.8.0_202-b08, source=merge, mergeFactor=10, os.version=10.0, timestamp=1553247892921}]:[attributes={Lucene50StoredFieldsFormat.mode=BEST_SPEED}]) Uninverting(_46y(7.7.1):c609:[diagnostics={os=Windows 10, java.vendor=Oracle Corporation, java.version=1.8.0_202, java.vm.version=25.202-b08, lucene.version=7.7.1, mergeMaxNumSegments=-1, os.arch=amd64, java.runtime.version=1.8.0_202-b08, source=merge, mergeFactor=10, os.version=10.0, timestamp=1553247892707}]:[attributes={Lucene50StoredFieldsFormat.mode=BEST_SPEED}]) Uninverting(_47t(7.7.1):c198:[diagnostics={os=Windows 10, java.vendor=Oracle Corporation, java.version=1.8.0_202, java.vm.version=25.202-b08, lucene.version=7.7.1, mergeMaxNumSegments=-1, os.arch=amd64, java.runtime.version=1.8.0_202-b08, source=merge, mergeFactor=10, os.version=10.0, timestamp=1553247893022}]:[attributes={Lucene50StoredFieldsFormat.mode=BEST_SPEED}]) Uninverting(_47s(7.7.1):C23:[diagnostics={java.runtime.version=1.8.0_202-b08, java.vendor=Oracle Corporation, java.version=1.8.0_202, java.vm.version=25.202-b08, lucene.version=7.7.1, os=Windows 10, os.arch=amd64, os.version=10.0, source=flush, timestamp=1553247893031}]:[attributes={Lucene50StoredFieldsFormat.mode=BEST_SPEED}]) Uninverting(_47u(7.7.1):C22:[diagnostics={java.runtime.version=1.8.0_202-b08, java.vendor=Oracle Corporation, java.version=1.8.0_202, java.vm.version=25.202-b08, lucene.version=7.7.1, os=Windows 10, os.arch=amd64, os.version=10.0, source=flush, timestamp=1553247893041}]:[attributes={Lucene50StoredFieldsFormat.mode=BEST_SPEED}]) Uninverting(_47v(7.7.1):C20:[diagnostics={java.runtime.version=1.8.0_202-b08, java.vendor=Oracle Corporation, java.version=1.8.0_202, java.vm.version=25.202-b08, lucene.version=7.7.1, os=Windows 10, os.arch=amd64, os.version=10.0, source=flush, timestamp=1553247893052}]:[attributes={Lucene50StoredFieldsFormat.mode=BEST_SPEED}])))}
2019-03-22 10:29:01.824 INFO  (qtp591391158-18) [   x:tchibo] o.a.s.c.S.Request [tchibo]  webapp=/solr path=/select params={q=*:*&defType=edismax&fq=ASSORTMENT_CATEGORY4:"Kleiderbügel"&fq=!TITLE:""&fq=!VISIBILITY:"ARCHIVE"+OR+NOT+VISIBILITY:"NONE"&stopwords=true&_=1553247694744} hits=0 status=0 QTime=61
2019-03-22 10:29:08.981 INFO  (qtp591391158-20) [   ] o.a.s.s.HttpSolrCall [admin] webapp=null path=/admin/cores params={indexInfo=false&wt=json&_=1553247694337} status=0 QTime=1
2019-03-22 10:29:09.041 INFO  (qtp591391158-21) [   ] o.a.s.s.HttpSolrCall [admin] webapp=null path=/admin/info/system params={wt=json&_=1553247694337} status=0 QTime=58
2019-03-22 10:29:09.042 INFO  (qtp591391158-15) [   ] o.a.s.s.HttpSolrCall [admin] webapp=null path=/admin/info/system params={wt=json&_=1553247694337} status=0 QTime=59
2019-03-22 10:29:12.435 INFO  (qtp591391158-21) [   ] o.a.s.s.HttpSolrCall [admin] webapp=null path=/admin/cores params={indexInfo=false&wt=json&_=1553247694337} status=0 QTime=0
2019-03-22 10:29:12.440 INFO  (qtp591391158-20) [   x:tchibo] o.a.s.c.S.Request [tchibo]  webapp=/solr path=/admin/luke params={numTerms=0&show=index&wt=json&_=1553250552419} status=0 QTime=4
2019-03-22 10:29:12.448 INFO  (qtp591391158-23) [   x:tchibo] o.a.s.c.S.Request [tchibo]  webapp=/solr path=/admin/ping params={action=status&wt=json&_=1553247694337&ts=1553247694337} status=503 QTime=1
2019-03-22 10:29:12.454 INFO  (qtp591391158-16) [   x:tchibo] o.a.s.c.S.Request [tchibo]  webapp=/solr path=/replication params={wt=json&command=details&_=1553250552420} status=0 QTime=13
2019-03-22 10:29:12.493 INFO  (qtp591391158-21) [   x:tchibo] o.a.s.c.S.Request [tchibo]  webapp=/solr path=/admin/system params={wt=json&_=1553250552420} status=0 QTime=49
2019-03-22 10:29:12.493 INFO  (qtp591391158-24) [   ] o.a.s.s.HttpSolrCall [admin] webapp=null path=/admin/info/system params={wt=json&_=1553247694337} status=0 QTime=57
2019-03-22 10:29:15.588 INFO  (qtp591391158-24) [   ] o.a.s.s.HttpSolrCall [admin] webapp=null path=/admin/cores params={indexInfo=false&wt=json&_=1553247694337} status=0 QTime=0
2019-03-22 10:29:15.616 INFO  (qtp591391158-42) [   ] o.a.s.s.HttpSolrCall [admin] webapp=null path=/admin/info/system params={wt=json&_=1553247694337} status=0 QTime=27
2019-03-22 10:29:17.746 INFO  (qtp591391158-22) [   x:tchibo] o.a.s.c.S.Request [tchibo]  webapp=/solr path=/select params={q=*:*&_=1553247694744} hits=74245 status=0 QTime=3
2019-03-22 10:29:41.877 INFO  (qtp591391158-42) [   ] o.a.s.s.HttpSolrCall [admin] webapp=null path=/admin/cores params={indexInfo=false&wt=json&_=1553247694337} status=0 QTime=0
2019-03-22 10:29:41.882 INFO  (qtp591391158-23) [   x:tchibo] o.a.s.c.S.Request [tchibo]  webapp=/solr path=/admin/ping params={action=status&wt=json&_=1553247694337&ts=1553247694337} status=503 QTime=0
2019-03-22 10:29:41.882 INFO  (qtp591391158-17) [   x:tchibo] o.a.s.c.S.Request [tchibo]  webapp=/solr path=/admin/luke params={numTerms=0&show=index&wt=json&_=1553250552419} status=0 QTime=0
2019-03-22 10:29:41.888 INFO  (qtp591391158-24) [   x:tchibo] o.a.s.c.S.Request [tchibo]  webapp=/solr path=/replication params={wt=json&command=details&_=1553250552420} status=0 QTime=9
2019-03-22 10:29:41.929 INFO  (qtp591391158-21) [   ] o.a.s.s.HttpSolrCall [admin] webapp=null path=/admin/info/system params={wt=json&_=1553247694337} status=0 QTime=51
2019-03-22 10:29:41.930 INFO  (qtp591391158-22) [   x:tchibo] o.a.s.c.S.Request [tchibo]  webapp=/solr path=/admin/system params={wt=json&_=1553250552420} status=0 QTime=50
2019-03-22 10:29:42.683 INFO  (qtp591391158-42) [   ] o.a.s.s.HttpSolrCall [admin] webapp=null path=/admin/cores params={indexInfo=false&wt=json&_=1553247694337} status=0 QTime=0
2019-03-22 10:29:42.729 INFO  (qtp591391158-18) [   ] o.a.s.s.HttpSolrCall [admin] webapp=null path=/admin/info/system params={wt=json&_=1553247694337} status=0 QTime=46
2019-03-22 10:29:42.729 INFO  (qtp591391158-21) [   ] o.a.s.s.HttpSolrCall [admin] webapp=null path=/admin/info/system params={wt=json&_=1553247694337} status=0 QTime=46
2019-03-22 10:29:43.674 INFO  (qtp591391158-22) [   ] o.a.s.s.HttpSolrCall [admin] webapp=null path=/admin/cores params={indexInfo=false&wt=json&_=1553247694337} status=0 QTime=0
2019-03-22 10:29:43.697 INFO  (qtp591391158-24) [   ] o.a.s.s.HttpSolrCall [admin] webapp=null path=/admin/info/system params={wt=json&_=1553247694337} status=0 QTime=23
2019-03-22 10:30:03.409 INFO  (qtp591391158-21) [   x:tchibo] o.a.s.c.S.Request [tchibo]  webapp=/solr path=/select params={q=*:*&fq=ASSORTMENT_CATEGORY4:"Kleiderbügel"&fq=!TITLE:""&fq=!VISIBILITY:"ARCHIVE"|"NONE"&_=1553247694744} hits=0 status=0 QTime=12
2019-03-22 10:30:13.774 INFO  (qtp591391158-24) [   x:tchibo] o.a.s.c.S.Request [tchibo]  webapp=/solr path=/select params={q=*:*&fq=ASSORTMENT_CATEGORY4:"Kleiderbügel"&fq=!TITLE:""&_=1553247694744} hits=0 status=0 QTime=0
2019-03-22 10:30:15.568 INFO  (qtp591391158-21) [   x:tchibo] o.a.s.c.S.Request [tchibo]  webapp=/solr path=/select params={q=*:*&fq=ASSORTMENT_CATEGORY4:"Kleiderbügel"&_=1553247694744} hits=214 status=0 QTime=0
2019-03-22 10:30:20.923 INFO  (qtp591391158-24) [   x:tchibo] o.a.s.c.S.Request [tchibo]  webapp=/solr path=/select params={q=*:*&fq=ASSORTMENT_CATEGORY4:"Kleiderbügel"&fq=!TITLE:""&_=1553247694744} hits=0 status=0 QTime=0
2019-03-22 10:30:23.188 INFO  (qtp591391158-21) [   x:tchibo] o.a.s.c.S.Request [tchibo]  webapp=/solr path=/select params={q=*:*&fq=ASSORTMENT_CATEGORY4:"Kleiderbügel"&_=1553247694744} hits=214 status=0 QTime=0
2019-03-22 10:30:39.796 INFO  (qtp591391158-24) [   x:tchibo] o.a.s.c.S.Request [tchibo]  webapp=/solr path=/select params={q=*:*&fq=ASSORTMENT_CATEGORY4:"Kleiderbügel"&fq=!VISIBILITY:"ARCHIVE"|"NONE"&_=1553247694744} hits=87 status=0 QTime=1
2019-03-22 10:31:00.459 ERROR (qtp591391158-21) [   x:tchibo] o.a.s.h.RequestHandlerBase org.apache.solr.common.SolrException: undefined field |!VISIBILITY
	at org.apache.solr.schema.IndexSchema.getDynamicFieldType(IndexSchema.java:1305)
	at org.apache.solr.schema.IndexSchema$SolrQueryAnalyzer.getWrappedAnalyzer(IndexSchema.java:442)
	at org.apache.lucene.analysis.DelegatingAnalyzerWrapper$DelegatingReuseStrategy.getReusableComponents(DelegatingAnalyzerWrapper.java:86)
	at org.apache.lucene.analysis.Analyzer.tokenStream(Analyzer.java:191)
	at org.apache.lucene.util.QueryBuilder.createFieldQuery(QueryBuilder.java:239)
	at org.apache.solr.parser.SolrQueryParserBase.newFieldQuery(SolrQueryParserBase.java:518)
	at org.apache.solr.parser.QueryParser.newFieldQuery(QueryParser.java:62)
	at org.apache.solr.parser.SolrQueryParserBase.getFieldQuery(SolrQueryParserBase.java:1077)
	at org.apache.solr.parser.SolrQueryParserBase.getFieldQuery(SolrQueryParserBase.java:535)
	at org.apache.solr.parser.SolrQueryParserBase.handleQuotedTerm(SolrQueryParserBase.java:816)
	at org.apache.solr.parser.QueryParser.Term(QueryParser.java:549)
	at org.apache.solr.parser.QueryParser.Clause(QueryParser.java:278)
	at org.apache.solr.parser.QueryParser.Query(QueryParser.java:222)
	at org.apache.solr.parser.QueryParser.TopLevelQuery(QueryParser.java:131)
	at org.apache.solr.parser.SolrQueryParserBase.parse(SolrQueryParserBase.java:254)
	at org.apache.solr.search.LuceneQParser.parse(LuceneQParser.java:49)
	at org.apache.solr.search.QParser.getQuery(QParser.java:173)
	at org.apache.solr.handler.component.QueryComponent.prepare(QueryComponent.java:207)
	at org.apache.solr.handler.component.SearchHandler.handleRequestBody(SearchHandler.java:272)
	at org.apache.solr.handler.RequestHandlerBase.handleRequest(RequestHandlerBase.java:199)
	at org.apache.solr.core.SolrCore.execute(SolrCore.java:2551)
	at org.apache.solr.servlet.HttpSolrCall.execute(HttpSolrCall.java:710)
	at org.apache.solr.servlet.HttpSolrCall.call(HttpSolrCall.java:516)
	at org.apache.solr.servlet.SolrDispatchFilter.doFilter(SolrDispatchFilter.java:395)
	at org.apache.solr.servlet.SolrDispatchFilter.doFilter(SolrDispatchFilter.java:341)
	at org.eclipse.jetty.servlet.ServletHandler$CachedChain.doFilter(ServletHandler.java:1602)
	at org.eclipse.jetty.servlet.ServletHandler.doHandle(ServletHandler.java:540)
	at org.eclipse.jetty.server.handler.ScopedHandler.handle(ScopedHandler.java:146)
	at org.eclipse.jetty.security.SecurityHandler.handle(SecurityHandler.java:548)
	at org.eclipse.jetty.server.handler.HandlerWrapper.handle(HandlerWrapper.java:132)
	at org.eclipse.jetty.server.handler.ScopedHandler.nextHandle(ScopedHandler.java:257)
	at org.eclipse.jetty.server.session.SessionHandler.doHandle(SessionHandler.java:1588)
	at org.eclipse.jetty.server.handler.ScopedHandler.nextHandle(ScopedHandler.java:255)
	at org.eclipse.jetty.server.handler.ContextHandler.doHandle(ContextHandler.java:1345)
	at org.eclipse.jetty.server.handler.ScopedHandler.nextScope(ScopedHandler.java:203)
	at org.eclipse.jetty.servlet.ServletHandler.doScope(ServletHandler.java:480)
	at org.eclipse.jetty.server.session.SessionHandler.doScope(SessionHandler.java:1557)
	at org.eclipse.jetty.server.handler.ScopedHandler.nextScope(ScopedHandler.java:201)
	at org.eclipse.jetty.server.handler.ContextHandler.doScope(ContextHandler.java:1247)
	at org.eclipse.jetty.server.handler.ScopedHandler.handle(ScopedHandler.java:144)
	at org.eclipse.jetty.server.handler.ContextHandlerCollection.handle(ContextHandlerCollection.java:220)
	at org.eclipse.jetty.server.handler.HandlerCollection.handle(HandlerCollection.java:126)
	at org.eclipse.jetty.server.handler.HandlerWrapper.handle(HandlerWrapper.java:132)
	at org.eclipse.jetty.rewrite.handler.RewriteHandler.handle(RewriteHandler.java:335)
	at org.eclipse.jetty.server.handler.HandlerWrapper.handle(HandlerWrapper.java:132)
	at org.eclipse.jetty.server.Server.handle(Server.java:502)
	at org.eclipse.jetty.server.HttpChannel.handle(HttpChannel.java:364)
	at org.eclipse.jetty.server.HttpConnection.onFillable(HttpConnection.java:260)
	at org.eclipse.jetty.io.AbstractConnection$ReadCallback.succeeded(AbstractConnection.java:305)
	at org.eclipse.jetty.io.FillInterest.fillable(FillInterest.java:103)
	at org.eclipse.jetty.io.ChannelEndPoint$2.run(ChannelEndPoint.java:118)
	at org.eclipse.jetty.util.thread.strategy.EatWhatYouKill.runTask(EatWhatYouKill.java:333)
	at org.eclipse.jetty.util.thread.strategy.EatWhatYouKill.doProduce(EatWhatYouKill.java:310)
	at org.eclipse.jetty.util.thread.strategy.EatWhatYouKill.tryProduce(EatWhatYouKill.java:168)
	at org.eclipse.jetty.util.thread.strategy.EatWhatYouKill.run(EatWhatYouKill.java:126)
	at org.eclipse.jetty.util.thread.ReservedThreadExecutor$ReservedThread.run(ReservedThreadExecutor.java:366)
	at org.eclipse.jetty.util.thread.QueuedThreadPool.runJob(QueuedThreadPool.java:765)
	at org.eclipse.jetty.util.thread.QueuedThreadPool$2.run(QueuedThreadPool.java:683)
	at java.lang.Thread.run(Unknown Source)

2019-03-22 10:31:00.460 INFO  (qtp591391158-21) [   x:tchibo] o.a.s.c.S.Request [tchibo]  webapp=/solr path=/select params={q=*:*&fq=ASSORTMENT_CATEGORY4:"Kleiderbügel"&fq=!VISIBILITY:"ARCHIVE"|!VISIBILITY:"NONE"&_=1553247694744} status=400 QTime=2
2019-03-22 10:31:10.869 INFO  (qtp591391158-17) [   x:tchibo] o.a.s.c.S.Request [tchibo]  webapp=/solr path=/select params={q=*:*&fq=ASSORTMENT_CATEGORY4:"Kleiderbügel"&fq=!VISIBILITY:"ARCHIVE"+AND+VISIBILITY:"NONE"&_=1553247694744} hits=87 status=0 QTime=6
2019-03-22 10:31:15.082 INFO  (qtp591391158-21) [   x:tchibo] o.a.s.c.S.Request [tchibo]  webapp=/solr path=/select params={q=*:*&fq=ASSORTMENT_CATEGORY4:"Kleiderbügel"&fq=!VISIBILITY:"ARCHIVE"+AND+!VISIBILITY:"NONE"&_=1553247694744} hits=20 status=0 QTime=1
2019-03-22 12:08:51.473 INFO  (qtp591391158-21) [   x:tchibo] o.a.s.c.S.Request [tchibo]  webapp=/solr path=/select params={q=*:*&defType=edismax&q.alt=theo&fq=ASSORTMENT_CATEGORY4:"Kleiderbügel"&fq=!VISIBILITY:"ARCHIVE"+AND+!VISIBILITY:"NONE"&stopwords=true&_=1553247694744} hits=20 status=0 QTime=1
2019-03-22 12:09:03.818 INFO  (qtp591391158-40) [   ] o.a.s.s.HttpSolrCall [admin] webapp=null path=/admin/cores params={indexInfo=false&wt=json&_=1553256543676} status=0 QTime=0
2019-03-22 12:09:03.864 INFO  (qtp591391158-17) [   ] o.a.s.s.HttpSolrCall [admin] webapp=null path=/admin/info/system params={wt=json&_=1553256543677} status=0 QTime=42
2019-03-22 12:09:03.864 INFO  (qtp591391158-18) [   ] o.a.s.s.HttpSolrCall [admin] webapp=null path=/admin/info/system params={wt=json&_=1553256543677} status=0 QTime=45
2019-03-22 12:09:06.304 INFO  (qtp591391158-17) [   ] o.a.s.s.HttpSolrCall [admin] webapp=null path=/admin/cores params={indexInfo=false&wt=json&_=1553256543676} status=0 QTime=0
2019-03-22 12:09:06.306 INFO  (qtp591391158-23) [   x:tchibo] o.a.s.c.S.Request [tchibo]  webapp=/solr path=/admin/luke params={numTerms=0&show=index&wt=json&_=1553256546283} status=0 QTime=0
2019-03-22 12:09:06.317 INFO  (qtp591391158-40) [   x:tchibo] o.a.s.c.S.Request [tchibo]  webapp=/solr path=/replication params={wt=json&command=details&_=1553256546286} status=0 QTime=8
2019-03-22 12:09:06.320 INFO  (qtp591391158-17) [   x:tchibo] o.a.s.c.S.Request [tchibo]  webapp=/solr path=/admin/ping params={action=status&wt=json&_=1553256543677&ts=1553256543677} status=503 QTime=0
2019-03-22 12:09:06.351 INFO  (qtp591391158-15) [   ] o.a.s.s.HttpSolrCall [admin] webapp=null path=/admin/info/system params={wt=json&_=1553256543677} status=0 QTime=45
2019-03-22 12:09:06.351 INFO  (qtp591391158-23) [   x:tchibo] o.a.s.c.S.Request [tchibo]  webapp=/solr path=/admin/system params={wt=json&_=1553256546285} status=0 QTime=41
2019-03-22 12:09:08.254 INFO  (qtp591391158-17) [   ] o.a.s.s.HttpSolrCall [admin] webapp=null path=/admin/cores params={indexInfo=false&wt=json&_=1553256543676} status=0 QTime=0
2019-03-22 12:09:08.273 INFO  (qtp591391158-18) [   ] o.a.s.s.HttpSolrCall [admin] webapp=null path=/admin/info/system params={wt=json&_=1553256543677} status=0 QTime=18
2019-03-22 12:09:17.262 INFO  (qtp591391158-42) [   x:tchibo] o.a.s.c.S.Request [tchibo]  webapp=/solr path=/select params={q=*:*&defType=edismax&q.alt=Theo&stopwords=true&_=1553256548190} hits=74245 status=0 QTime=1
2019-03-22 12:37:54.524 INFO  (qtp591391158-40) [   x:tchibo] o.a.s.c.S.Request [tchibo]  webapp=/solr path=/select params={q=*:*&defType=edismax&q.alt=Theo&fq=!VISIBILITY:\"ARCHIVE\"+AND+!VISIBILITY:\"NONE\"&stopwords=true&_=1553256548190} hits=74245 status=0 QTime=9
2019-03-22 12:38:21.206 INFO  (qtp591391158-24) [   x:tchibo] o.a.s.c.S.Request [tchibo]  webapp=/solr path=/select params={q=*:*&defType=edismax&q.alt=Theo&fq=!VISIBILITY:"ARCHIVE"+AND+!VISIBILITY:"NONE"&stopwords=true&_=1553256548190} hits=8465 status=0 QTime=1
2019-03-22 13:27:40.403 INFO  (qtp591391158-18) [   ] o.a.s.s.HttpSolrCall [admin] webapp=null path=/admin/cores params={indexInfo=false&wt=json&_=1553261260243} status=0 QTime=0
2019-03-22 13:27:40.455 INFO  (qtp591391158-50) [   ] o.a.s.s.HttpSolrCall [admin] webapp=null path=/admin/info/system params={wt=json&_=1553261260244} status=0 QTime=51
2019-03-22 13:27:40.455 INFO  (qtp591391158-40) [   ] o.a.s.s.HttpSolrCall [admin] webapp=null path=/admin/info/system params={wt=json&_=1553261260244} status=0 QTime=51
2019-03-22 13:29:25.125 ERROR (qtp591391158-53) [   x:tchibo] o.a.s.h.RequestHandlerBase org.apache.solr.common.SolrException: undefined field name
	at org.apache.solr.schema.IndexSchema.getDynamicFieldType(IndexSchema.java:1305)
	at org.apache.solr.schema.IndexSchema$SolrQueryAnalyzer.getWrappedAnalyzer(IndexSchema.java:442)
	at org.apache.lucene.analysis.DelegatingAnalyzerWrapper$DelegatingReuseStrategy.getReusableComponents(DelegatingAnalyzerWrapper.java:86)
	at org.apache.lucene.analysis.Analyzer.tokenStream(Analyzer.java:191)
	at org.apache.lucene.util.QueryBuilder.createFieldQuery(QueryBuilder.java:239)
	at org.apache.solr.parser.SolrQueryParserBase.newFieldQuery(SolrQueryParserBase.java:518)
	at org.apache.solr.parser.QueryParser.newFieldQuery(QueryParser.java:62)
	at org.apache.solr.parser.SolrQueryParserBase.getFieldQuery(SolrQueryParserBase.java:1077)
	at org.apache.solr.parser.SolrQueryParserBase.handleBareTokenQuery(SolrQueryParserBase.java:800)
	at org.apache.solr.parser.QueryParser.Term(QueryParser.java:421)
	at org.apache.solr.parser.QueryParser.Clause(QueryParser.java:278)
	at org.apache.solr.parser.QueryParser.Query(QueryParser.java:162)
	at org.apache.solr.parser.QueryParser.TopLevelQuery(QueryParser.java:131)
	at org.apache.solr.parser.SolrQueryParserBase.parse(SolrQueryParserBase.java:254)
	at org.apache.solr.search.LuceneQParser.parse(LuceneQParser.java:49)
	at org.apache.solr.search.QParser.getQuery(QParser.java:173)
	at org.apache.solr.handler.component.QueryComponent.prepare(QueryComponent.java:160)
	at org.apache.solr.handler.component.SearchHandler.handleRequestBody(SearchHandler.java:272)
	at org.apache.solr.handler.RequestHandlerBase.handleRequest(RequestHandlerBase.java:199)
	at org.apache.solr.core.SolrCore.execute(SolrCore.java:2551)
	at org.apache.solr.servlet.HttpSolrCall.execute(HttpSolrCall.java:710)
	at org.apache.solr.servlet.HttpSolrCall.call(HttpSolrCall.java:516)
	at org.apache.solr.servlet.SolrDispatchFilter.doFilter(SolrDispatchFilter.java:395)
	at org.apache.solr.servlet.SolrDispatchFilter.doFilter(SolrDispatchFilter.java:341)
	at org.eclipse.jetty.servlet.ServletHandler$CachedChain.doFilter(ServletHandler.java:1602)
	at org.eclipse.jetty.servlet.ServletHandler.doHandle(ServletHandler.java:540)
	at org.eclipse.jetty.server.handler.ScopedHandler.handle(ScopedHandler.java:146)
	at org.eclipse.jetty.security.SecurityHandler.handle(SecurityHandler.java:548)
	at org.eclipse.jetty.server.handler.HandlerWrapper.handle(HandlerWrapper.java:132)
	at org.eclipse.jetty.server.handler.ScopedHandler.nextHandle(ScopedHandler.java:257)
	at org.eclipse.jetty.server.session.SessionHandler.doHandle(SessionHandler.java:1588)
	at org.eclipse.jetty.server.handler.ScopedHandler.nextHandle(ScopedHandler.java:255)
	at org.eclipse.jetty.server.handler.ContextHandler.doHandle(ContextHandler.java:1345)
	at org.eclipse.jetty.server.handler.ScopedHandler.nextScope(ScopedHandler.java:203)
	at org.eclipse.jetty.servlet.ServletHandler.doScope(ServletHandler.java:480)
	at org.eclipse.jetty.server.session.SessionHandler.doScope(SessionHandler.java:1557)
	at org.eclipse.jetty.server.handler.ScopedHandler.nextScope(ScopedHandler.java:201)
	at org.eclipse.jetty.server.handler.ContextHandler.doScope(ContextHandler.java:1247)
	at org.eclipse.jetty.server.handler.ScopedHandler.handle(ScopedHandler.java:144)
	at org.eclipse.jetty.server.handler.ContextHandlerCollection.handle(ContextHandlerCollection.java:220)
	at org.eclipse.jetty.server.handler.HandlerCollection.handle(HandlerCollection.java:126)
	at org.eclipse.jetty.server.handler.HandlerWrapper.handle(HandlerWrapper.java:132)
	at org.eclipse.jetty.rewrite.handler.RewriteHandler.handle(RewriteHandler.java:335)
	at org.eclipse.jetty.server.handler.HandlerWrapper.handle(HandlerWrapper.java:132)
	at org.eclipse.jetty.server.Server.handle(Server.java:502)
	at org.eclipse.jetty.server.HttpChannel.handle(HttpChannel.java:364)
	at org.eclipse.jetty.server.HttpConnection.onFillable(HttpConnection.java:260)
	at org.eclipse.jetty.io.AbstractConnection$ReadCallback.succeeded(AbstractConnection.java:305)
	at org.eclipse.jetty.io.FillInterest.fillable(FillInterest.java:103)
	at org.eclipse.jetty.io.ChannelEndPoint$2.run(ChannelEndPoint.java:118)
	at org.eclipse.jetty.util.thread.strategy.EatWhatYouKill.runTask(EatWhatYouKill.java:333)
	at org.eclipse.jetty.util.thread.strategy.EatWhatYouKill.doProduce(EatWhatYouKill.java:310)
	at org.eclipse.jetty.util.thread.strategy.EatWhatYouKill.tryProduce(EatWhatYouKill.java:168)
	at org.eclipse.jetty.util.thread.strategy.EatWhatYouKill.run(EatWhatYouKill.java:126)
	at org.eclipse.jetty.util.thread.ReservedThreadExecutor$ReservedThread.run(ReservedThreadExecutor.java:366)
	at org.eclipse.jetty.util.thread.QueuedThreadPool.runJob(QueuedThreadPool.java:765)
	at org.eclipse.jetty.util.thread.QueuedThreadPool$2.run(QueuedThreadPool.java:683)
	at java.lang.Thread.run(Unknown Source)

2019-03-22 13:29:25.125 INFO  (qtp591391158-53) [   x:tchibo] o.a.s.c.S.Request [tchibo]  webapp=/solr path=/select params={q=name:test&start=0&rows=0&wt=javabin&version=2} status=400 QTime=1
2019-03-22 13:32:20.118 INFO  (qtp591391158-52) [   x:tchibo] o.a.s.c.S.Request [tchibo]  webapp=/solr path=/select params={q=title:test&start=0&rows=0&wt=javabin&version=2} hits=0 status=0 QTime=1
2019-03-22 13:32:20.134 INFO  (qtp591391158-42) [   x:tchibo] o.a.s.c.S.Request [tchibo]  webapp=/solr path=/select params={q=title:test&start=0&rows=0&wt=javabin&version=2} hits=0 status=0 QTime=0
2019-03-22 13:34:27.209 INFO  (qtp591391158-50) [   x:tchibo] o.a.s.c.S.Request [tchibo]  webapp=/solr path=/select params={q=title:test&start=0&rows=0&wt=javabin&version=2} hits=0 status=0 QTime=0
2019-03-22 13:34:27.225 INFO  (qtp591391158-53) [   x:tchibo] o.a.s.c.S.Request [tchibo]  webapp=/solr path=/select params={q=title:test&start=0&rows=0&wt=javabin&version=2} hits=0 status=0 QTime=0
2019-03-22 13:35:14.757 INFO  (qtp591391158-24) [   x:tchibo] o.a.s.c.S.Request [tchibo]  webapp=/solr path=/select params={q=title:test&defType=edismax&q.alt=Theo&fq=!VISIBILITY:"ARCHIVE"+AND+!VISIBILITY:"NONE"&stopwords=true&_=1553256548190} hits=0 status=0 QTime=1
2019-03-22 13:35:20.351 INFO  (qtp591391158-52) [   x:tchibo] o.a.s.c.S.Request [tchibo]  webapp=/solr path=/select params={q=title:test&fq=!VISIBILITY:"ARCHIVE"+AND+!VISIBILITY:"NONE"&_=1553256548190} hits=0 status=0 QTime=1
2019-03-22 13:35:26.509 INFO  (qtp591391158-24) [   x:tchibo] o.a.s.c.S.Request [tchibo]  webapp=/solr path=/select params={q=TITLE:test&fq=!VISIBILITY:"ARCHIVE"+AND+!VISIBILITY:"NONE"&_=1553256548190} hits=0 status=0 QTime=1
2019-03-22 13:35:32.920 INFO  (qtp591391158-52) [   x:tchibo] o.a.s.c.S.Request [tchibo]  webapp=/solr path=/select params={q=TITLE:*&fq=!VISIBILITY:"ARCHIVE"+AND+!VISIBILITY:"NONE"&_=1553256548190} hits=8460 status=0 QTime=40
2019-03-22 13:35:42.377 INFO  (qtp591391158-24) [   x:tchibo] o.a.s.c.S.Request [tchibo]  webapp=/solr path=/select params={q=TITLE:Strickfleece-Weste&fq=!VISIBILITY:"ARCHIVE"+AND+!VISIBILITY:"NONE"&_=1553256548190} hits=0 status=0 QTime=1
2019-03-22 13:35:51.566 ERROR (qtp591391158-52) [   x:tchibo] o.a.s.h.RequestHandlerBase java.lang.IllegalStateException: field "TITLE" was indexed without position data; cannot run PhraseQuery (phrase=TITLE:"strickfleec west")
	at org.apache.lucene.search.PhraseQuery$1.getPhraseMatcher(PhraseQuery.java:434)
	at org.apache.lucene.search.PhraseWeight.scorer(PhraseWeight.java:46)
	at org.apache.lucene.search.Weight.scorerSupplier(Weight.java:143)
	at org.apache.lucene.search.BooleanWeight.scorerSupplier(BooleanWeight.java:364)
	at org.apache.lucene.search.BooleanWeight.scorer(BooleanWeight.java:330)
	at org.apache.lucene.search.Weight.bulkScorer(Weight.java:177)
	at org.apache.lucene.search.BooleanWeight.bulkScorer(BooleanWeight.java:324)
	at org.apache.lucene.search.IndexSearcher.search(IndexSearcher.java:667)
	at org.apache.lucene.search.IndexSearcher.search(IndexSearcher.java:471)
	at org.apache.solr.search.SolrIndexSearcher.buildAndRunCollectorChain(SolrIndexSearcher.java:200)
	at org.apache.solr.search.SolrIndexSearcher.getDocListNC(SolrIndexSearcher.java:1604)
	at org.apache.solr.search.SolrIndexSearcher.getDocListC(SolrIndexSearcher.java:1421)
	at org.apache.solr.search.SolrIndexSearcher.search(SolrIndexSearcher.java:568)
	at org.apache.solr.handler.component.QueryComponent.doProcessUngroupedSearch(QueryComponent.java:1435)
	at org.apache.solr.handler.component.QueryComponent.process(QueryComponent.java:375)
	at org.apache.solr.handler.component.SearchHandler.handleRequestBody(SearchHandler.java:298)
	at org.apache.solr.handler.RequestHandlerBase.handleRequest(RequestHandlerBase.java:199)
	at org.apache.solr.core.SolrCore.execute(SolrCore.java:2551)
	at org.apache.solr.servlet.HttpSolrCall.execute(HttpSolrCall.java:710)
	at org.apache.solr.servlet.HttpSolrCall.call(HttpSolrCall.java:516)
	at org.apache.solr.servlet.SolrDispatchFilter.doFilter(SolrDispatchFilter.java:395)
	at org.apache.solr.servlet.SolrDispatchFilter.doFilter(SolrDispatchFilter.java:341)
	at org.eclipse.jetty.servlet.ServletHandler$CachedChain.doFilter(ServletHandler.java:1602)
	at org.eclipse.jetty.servlet.ServletHandler.doHandle(ServletHandler.java:540)
	at org.eclipse.jetty.server.handler.ScopedHandler.handle(ScopedHandler.java:146)
	at org.eclipse.jetty.security.SecurityHandler.handle(SecurityHandler.java:548)
	at org.eclipse.jetty.server.handler.HandlerWrapper.handle(HandlerWrapper.java:132)
	at org.eclipse.jetty.server.handler.ScopedHandler.nextHandle(ScopedHandler.java:257)
	at org.eclipse.jetty.server.session.SessionHandler.doHandle(SessionHandler.java:1588)
	at org.eclipse.jetty.server.handler.ScopedHandler.nextHandle(ScopedHandler.java:255)
	at org.eclipse.jetty.server.handler.ContextHandler.doHandle(ContextHandler.java:1345)
	at org.eclipse.jetty.server.handler.ScopedHandler.nextScope(ScopedHandler.java:203)
	at org.eclipse.jetty.servlet.ServletHandler.doScope(ServletHandler.java:480)
	at org.eclipse.jetty.server.session.SessionHandler.doScope(SessionHandler.java:1557)
	at org.eclipse.jetty.server.handler.ScopedHandler.nextScope(ScopedHandler.java:201)
	at org.eclipse.jetty.server.handler.ContextHandler.doScope(ContextHandler.java:1247)
	at org.eclipse.jetty.server.handler.ScopedHandler.handle(ScopedHandler.java:144)
	at org.eclipse.jetty.server.handler.ContextHandlerCollection.handle(ContextHandlerCollection.java:220)
	at org.eclipse.jetty.server.handler.HandlerCollection.handle(HandlerCollection.java:126)
	at org.eclipse.jetty.server.handler.HandlerWrapper.handle(HandlerWrapper.java:132)
	at org.eclipse.jetty.rewrite.handler.RewriteHandler.handle(RewriteHandler.java:335)
	at org.eclipse.jetty.server.handler.HandlerWrapper.handle(HandlerWrapper.java:132)
	at org.eclipse.jetty.server.Server.handle(Server.java:502)
	at org.eclipse.jetty.server.HttpChannel.handle(HttpChannel.java:364)
	at org.eclipse.jetty.server.HttpConnection.onFillable(HttpConnection.java:260)
	at org.eclipse.jetty.io.AbstractConnection$ReadCallback.succeeded(AbstractConnection.java:305)
	at org.eclipse.jetty.io.FillInterest.fillable(FillInterest.java:103)
	at org.eclipse.jetty.io.ChannelEndPoint$2.run(ChannelEndPoint.java:118)
	at org.eclipse.jetty.util.thread.strategy.EatWhatYouKill.runTask(EatWhatYouKill.java:333)
	at org.eclipse.jetty.util.thread.strategy.EatWhatYouKill.doProduce(EatWhatYouKill.java:310)
	at org.eclipse.jetty.util.thread.strategy.EatWhatYouKill.tryProduce(EatWhatYouKill.java:168)
	at org.eclipse.jetty.util.thread.strategy.EatWhatYouKill.run(EatWhatYouKill.java:126)
	at org.eclipse.jetty.util.thread.ReservedThreadExecutor$ReservedThread.run(ReservedThreadExecutor.java:366)
	at org.eclipse.jetty.util.thread.QueuedThreadPool.runJob(QueuedThreadPool.java:765)
	at org.eclipse.jetty.util.thread.QueuedThreadPool$2.run(QueuedThreadPool.java:683)
	at java.lang.Thread.run(Unknown Source)

2019-03-22 13:35:51.566 INFO  (qtp591391158-52) [   x:tchibo] o.a.s.c.S.Request [tchibo]  webapp=/solr path=/select params={q=TITLE:"Strickfleece-Weste"&fq=!VISIBILITY:"ARCHIVE"+AND+!VISIBILITY:"NONE"&_=1553256548190} status=500 QTime=5
2019-03-22 13:35:51.566 ERROR (qtp591391158-52) [   x:tchibo] o.a.s.s.HttpSolrCall null:java.lang.IllegalStateException: field "TITLE" was indexed without position data; cannot run PhraseQuery (phrase=TITLE:"strickfleec west")
	at org.apache.lucene.search.PhraseQuery$1.getPhraseMatcher(PhraseQuery.java:434)
	at org.apache.lucene.search.PhraseWeight.scorer(PhraseWeight.java:46)
	at org.apache.lucene.search.Weight.scorerSupplier(Weight.java:143)
	at org.apache.lucene.search.BooleanWeight.scorerSupplier(BooleanWeight.java:364)
	at org.apache.lucene.search.BooleanWeight.scorer(BooleanWeight.java:330)
	at org.apache.lucene.search.Weight.bulkScorer(Weight.java:177)
	at org.apache.lucene.search.BooleanWeight.bulkScorer(BooleanWeight.java:324)
	at org.apache.lucene.search.IndexSearcher.search(IndexSearcher.java:667)
	at org.apache.lucene.search.IndexSearcher.search(IndexSearcher.java:471)
	at org.apache.solr.search.SolrIndexSearcher.buildAndRunCollectorChain(SolrIndexSearcher.java:200)
	at org.apache.solr.search.SolrIndexSearcher.getDocListNC(SolrIndexSearcher.java:1604)
	at org.apache.solr.search.SolrIndexSearcher.getDocListC(SolrIndexSearcher.java:1421)
	at org.apache.solr.search.SolrIndexSearcher.search(SolrIndexSearcher.java:568)
	at org.apache.solr.handler.component.QueryComponent.doProcessUngroupedSearch(QueryComponent.java:1435)
	at org.apache.solr.handler.component.QueryComponent.process(QueryComponent.java:375)
	at org.apache.solr.handler.component.SearchHandler.handleRequestBody(SearchHandler.java:298)
	at org.apache.solr.handler.RequestHandlerBase.handleRequest(RequestHandlerBase.java:199)
	at org.apache.solr.core.SolrCore.execute(SolrCore.java:2551)
	at org.apache.solr.servlet.HttpSolrCall.execute(HttpSolrCall.java:710)
	at org.apache.solr.servlet.HttpSolrCall.call(HttpSolrCall.java:516)
	at org.apache.solr.servlet.SolrDispatchFilter.doFilter(SolrDispatchFilter.java:395)
	at org.apache.solr.servlet.SolrDispatchFilter.doFilter(SolrDispatchFilter.java:341)
	at org.eclipse.jetty.servlet.ServletHandler$CachedChain.doFilter(ServletHandler.java:1602)
	at org.eclipse.jetty.servlet.ServletHandler.doHandle(ServletHandler.java:540)
	at org.eclipse.jetty.server.handler.ScopedHandler.handle(ScopedHandler.java:146)
	at org.eclipse.jetty.security.SecurityHandler.handle(SecurityHandler.java:548)
	at org.eclipse.jetty.server.handler.HandlerWrapper.handle(HandlerWrapper.java:132)
	at org.eclipse.jetty.server.handler.ScopedHandler.nextHandle(ScopedHandler.java:257)
	at org.eclipse.jetty.server.session.SessionHandler.doHandle(SessionHandler.java:1588)
	at org.eclipse.jetty.server.handler.ScopedHandler.nextHandle(ScopedHandler.java:255)
	at org.eclipse.jetty.server.handler.ContextHandler.doHandle(ContextHandler.java:1345)
	at org.eclipse.jetty.server.handler.ScopedHandler.nextScope(ScopedHandler.java:203)
	at org.eclipse.jetty.servlet.ServletHandler.doScope(ServletHandler.java:480)
	at org.eclipse.jetty.server.session.SessionHandler.doScope(SessionHandler.java:1557)
	at org.eclipse.jetty.server.handler.ScopedHandler.nextScope(ScopedHandler.java:201)
	at org.eclipse.jetty.server.handler.ContextHandler.doScope(ContextHandler.java:1247)
	at org.eclipse.jetty.server.handler.ScopedHandler.handle(ScopedHandler.java:144)
	at org.eclipse.jetty.server.handler.ContextHandlerCollection.handle(ContextHandlerCollection.java:220)
	at org.eclipse.jetty.server.handler.HandlerCollection.handle(HandlerCollection.java:126)
	at org.eclipse.jetty.server.handler.HandlerWrapper.handle(HandlerWrapper.java:132)
	at org.eclipse.jetty.rewrite.handler.RewriteHandler.handle(RewriteHandler.java:335)
	at org.eclipse.jetty.server.handler.HandlerWrapper.handle(HandlerWrapper.java:132)
	at org.eclipse.jetty.server.Server.handle(Server.java:502)
	at org.eclipse.jetty.server.HttpChannel.handle(HttpChannel.java:364)
	at org.eclipse.jetty.server.HttpConnection.onFillable(HttpConnection.java:260)
	at org.eclipse.jetty.io.AbstractConnection$ReadCallback.succeeded(AbstractConnection.java:305)
	at org.eclipse.jetty.io.FillInterest.fillable(FillInterest.java:103)
	at org.eclipse.jetty.io.ChannelEndPoint$2.run(ChannelEndPoint.java:118)
	at org.eclipse.jetty.util.thread.strategy.EatWhatYouKill.runTask(EatWhatYouKill.java:333)
	at org.eclipse.jetty.util.thread.strategy.EatWhatYouKill.doProduce(EatWhatYouKill.java:310)
	at org.eclipse.jetty.util.thread.strategy.EatWhatYouKill.tryProduce(EatWhatYouKill.java:168)
	at org.eclipse.jetty.util.thread.strategy.EatWhatYouKill.run(EatWhatYouKill.java:126)
	at org.eclipse.jetty.util.thread.ReservedThreadExecutor$ReservedThread.run(ReservedThreadExecutor.java:366)
	at org.eclipse.jetty.util.thread.QueuedThreadPool.runJob(QueuedThreadPool.java:765)
	at org.eclipse.jetty.util.thread.QueuedThreadPool$2.run(QueuedThreadPool.java:683)
	at java.lang.Thread.run(Unknown Source)

2019-03-22 13:35:56.913 INFO  (qtp591391158-24) [   x:tchibo] o.a.s.c.S.Request [tchibo]  webapp=/solr path=/select params={q=TITLE:Strickfleece-Weste&fq=!VISIBILITY:"ARCHIVE"+AND+!VISIBILITY:"NONE"&_=1553256548190} hits=0 status=0 QTime=0
2019-03-22 13:36:05.847 INFO  (qtp591391158-52) [   x:tchibo] o.a.s.c.S.Request [tchibo]  webapp=/solr path=/select params={q=TITLE:*&fq=!VISIBILITY:"ARCHIVE"+AND+!VISIBILITY:"NONE"&_=1553256548190} hits=8460 status=0 QTime=0
2019-03-22 13:37:40.465 INFO  (qtp591391158-54) [   x:tchibo] o.a.s.c.S.Request [tchibo]  webapp=/solr path=/select params={q=title:\*&start=0&rows=0&wt=javabin&version=2} hits=0 status=0 QTime=0
2019-03-22 13:37:40.465 INFO  (qtp591391158-42) [   x:tchibo] o.a.s.c.S.Request [tchibo]  webapp=/solr path=/select params={q=title:\*&start=0&rows=0&wt=javabin&version=2} hits=0 status=0 QTime=0
2019-03-22 13:39:47.674 INFO  (qtp591391158-18) [   x:tchibo] o.a.s.c.S.Request [tchibo]  webapp=/solr path=/select params={q=title:\*&start=0&rows=0&wt=javabin&version=2} hits=0 status=0 QTime=0
2019-03-22 13:39:47.682 INFO  (qtp591391158-52) [   x:tchibo] o.a.s.c.S.Request [tchibo]  webapp=/solr path=/select params={q=title:\*&start=0&rows=0&wt=javabin&version=2} hits=0 status=0 QTime=0
2019-03-22 13:40:43.414 INFO  (qtp591391158-53) [   x:tchibo] o.a.s.c.S.Request [tchibo]  webapp=/solr path=/select params={q=id:***+OR+title:***&start=0&rows=0&wt=javabin&version=2} hits=74245 status=0 QTime=80
2019-03-22 13:40:43.461 INFO  (qtp591391158-18) [   x:tchibo] o.a.s.c.S.Request [tchibo]  webapp=/solr path=/select params={q=id:***+OR+title:***&start=0&rows=74245&wt=javabin&version=2} hits=74245 status=0 QTime=50
2019-03-22 13:43:20.260 INFO  (qtp591391158-21) [   x:tchibo] o.a.s.c.S.Request [tchibo]  webapp=/solr path=/select params={q=id:***+OR+title:***&start=0&rows=0&wt=javabin&version=2} hits=74245 status=0 QTime=1
2019-03-22 13:43:20.322 INFO  (qtp591391158-42) [   x:tchibo] o.a.s.c.S.Request [tchibo]  webapp=/solr path=/select params={q=id:***+OR+title:***&start=0&rows=74245&wt=javabin&version=2} hits=74245 status=0 QTime=39
2019-03-22 13:43:29.461 INFO  (qtp591391158-52) [   x:tchibo] o.a.s.c.S.Request [tchibo]  webapp=/solr path=/select params={q=TITLE:\*&start=0&rows=0&wt=javabin&version=2} hits=0 status=0 QTime=0
2019-03-22 13:43:29.461 INFO  (qtp591391158-42) [   x:tchibo] o.a.s.c.S.Request [tchibo]  webapp=/solr path=/select params={q=TITLE:\*&start=0&rows=0&wt=javabin&version=2} hits=0 status=0 QTime=0
2019-03-22 13:44:04.496 INFO  (qtp591391158-42) [   ] o.a.s.s.HttpSolrCall [admin] webapp=null path=/admin/cores params={indexInfo=false&wt=json&_=1553261260243} status=0 QTime=0
2019-03-22 13:44:04.496 INFO  (qtp591391158-17) [   x:tchibo] o.a.s.c.S.Request [tchibo]  webapp=/solr path=/admin/luke params={numTerms=0&show=index&wt=json&_=1553262244483} status=0 QTime=0
2019-03-22 13:44:04.511 INFO  (qtp591391158-52) [   x:tchibo] o.a.s.c.S.Request [tchibo]  webapp=/solr path=/admin/ping params={action=status&wt=json&_=1553261260244&ts=1553261260244} status=503 QTime=0
2019-03-22 13:44:04.511 INFO  (qtp591391158-54) [   x:tchibo] o.a.s.c.S.Request [tchibo]  webapp=/solr path=/replication params={wt=json&command=details&_=1553262244485} status=0 QTime=11
2019-03-22 13:44:04.558 INFO  (qtp591391158-40) [   ] o.a.s.s.HttpSolrCall [admin] webapp=null path=/admin/info/system params={wt=json&_=1553261260244} status=0 QTime=55
2019-03-22 13:44:04.558 INFO  (qtp591391158-18) [   x:tchibo] o.a.s.c.S.Request [tchibo]  webapp=/solr path=/admin/system params={wt=json&_=1553262244484} status=0 QTime=48
2019-03-22 13:44:06.596 INFO  (qtp591391158-21) [   ] o.a.s.s.HttpSolrCall [admin] webapp=null path=/admin/cores params={indexInfo=false&wt=json&_=1553261260243} status=0 QTime=0
2019-03-22 13:44:06.612 INFO  (qtp591391158-42) [   ] o.a.s.s.HttpSolrCall [admin] webapp=null path=/admin/info/system params={wt=json&_=1553261260244} status=0 QTime=26
2019-03-22 13:45:49.082 INFO  (qtp591391158-40) [   x:tchibo] o.a.s.c.S.Request [tchibo]  webapp=/solr path=/select params={q=TITLE:Druck&start=0&rows=0&wt=javabin&version=2} hits=0 status=0 QTime=0
2019-03-22 13:45:49.113 INFO  (qtp591391158-17) [   x:tchibo] o.a.s.c.S.Request [tchibo]  webapp=/solr path=/select params={q=TITLE:Druck&start=0&rows=0&wt=javabin&version=2} hits=0 status=0 QTime=0
2019-03-22 13:45:55.336 INFO  (qtp591391158-40) [   x:tchibo] o.a.s.c.S.Request [tchibo]  webapp=/solr path=/select params={q=TITLE:Druck\*&start=0&rows=0&wt=javabin&version=2} hits=0 status=0 QTime=0
2019-03-22 13:45:55.336 INFO  (qtp591391158-17) [   x:tchibo] o.a.s.c.S.Request [tchibo]  webapp=/solr path=/select params={q=TITLE:Druck\*&start=0&rows=0&wt=javabin&version=2} hits=0 status=0 QTime=0
2019-03-22 13:46:06.645 INFO  (qtp591391158-24) [   x:tchibo] o.a.s.c.S.Request [tchibo]  webapp=/solr path=/select params={q=id:*Druck*+OR+title:*Druck*&start=0&rows=0&wt=javabin&version=2} hits=0 status=0 QTime=49
2019-03-22 13:46:06.645 INFO  (qtp591391158-40) [   x:tchibo] o.a.s.c.S.Request [tchibo]  webapp=/solr path=/select params={q=id:*Druck*+OR+title:*Druck*&start=0&rows=0&wt=javabin&version=2} hits=0 status=0 QTime=4
2019-03-22 14:04:46.280 INFO  (qtp591391158-52) [   x:tchibo] o.a.s.c.S.Request [tchibo]  webapp=/solr path=/select params={q=*:*&_=1553262246530} hits=74245 status=0 QTime=0
2019-03-22 14:09:04.230 INFO  (qtp591391158-42) [   x:tchibo] o.a.s.c.S.Request [tchibo]  webapp=/solr path=/select params={q=TITLE:Druck\*&start=0&rows=0&wt=javabin&version=2} hits=0 status=0 QTime=0
2019-03-22 14:09:04.245 INFO  (qtp591391158-17) [   x:tchibo] o.a.s.c.S.Request [tchibo]  webapp=/solr path=/select params={q=TITLE:Druck\*&start=0&rows=0&wt=javabin&version=2} hits=0 status=0 QTime=0
2019-03-22 14:09:12.493 INFO  (qtp591391158-18) [   x:tchibo] o.a.s.c.S.Request [tchibo]  webapp=/solr path=/select params={q=id:*Druck*+OR+title:*Druck*&start=0&rows=0&wt=javabin&version=2} hits=0 status=0 QTime=2
2019-03-22 14:09:12.493 INFO  (qtp591391158-17) [   x:tchibo] o.a.s.c.S.Request [tchibo]  webapp=/solr path=/select params={q=id:*Druck*+OR+title:*Druck*&start=0&rows=0&wt=javabin&version=2} hits=0 status=0 QTime=4
2019-03-22 14:09:37.726 INFO  (qtp591391158-53) [   x:tchibo] o.a.s.c.S.Request [tchibo]  webapp=/solr path=/select params={q=id:***+OR+title:***&start=0&rows=0&wt=javabin&version=2} hits=74245 status=0 QTime=0
2019-03-22 14:09:37.773 INFO  (qtp591391158-18) [   x:tchibo] o.a.s.c.S.Request [tchibo]  webapp=/solr path=/select params={q=id:***+OR+title:***&start=0&rows=74245&wt=javabin&version=2} hits=74245 status=0 QTime=37
2019-03-22 14:10:08.758 INFO  (qtp591391158-40) [   x:tchibo] o.a.s.c.S.Request [tchibo]  webapp=/solr path=/select params={q=id:***+OR+title:***&start=0&rows=0&wt=javabin&version=2} hits=74245 status=0 QTime=0
2019-03-22 14:10:08.820 INFO  (qtp591391158-54) [   x:tchibo] o.a.s.c.S.Request [tchibo]  webapp=/solr path=/select params={q=id:***+OR+title:***&start=0&rows=74245&wt=javabin&version=2} hits=74245 status=0 QTime=36
2019-03-22 14:12:10.652 INFO  (qtp591391158-58) [   x:tchibo] o.a.s.c.S.Request [tchibo]  webapp=/solr path=/select params={q=id:**+OR+TITLE:**&start=0&rows=0&wt=javabin&version=2} hits=74245 status=0 QTime=44
2019-03-22 14:12:10.730 INFO  (qtp591391158-40) [   x:tchibo] o.a.s.c.S.Request [tchibo]  webapp=/solr path=/select params={q=id:**+OR+TITLE:**&start=0&rows=74245&wt=javabin&version=2} hits=74245 status=0 QTime=77
2019-03-22 14:16:47.253 INFO  (qtp591391158-53) [   x:tchibo] o.a.s.c.S.Request [tchibo]  webapp=/solr path=/select params={q=id:***+OR+TITLE:***&start=0&rows=0&wt=javabin&version=2} hits=74245 status=0 QTime=26
2019-03-22 14:16:47.316 INFO  (qtp591391158-42) [   x:tchibo] o.a.s.c.S.Request [tchibo]  webapp=/solr path=/select params={q=id:***+OR+TITLE:***&start=0&rows=74245&wt=javabin&version=2} hits=74245 status=0 QTime=47
2019-03-22 14:18:40.656 INFO  (qtp591391158-54) [   x:tchibo] o.a.s.c.S.Request [tchibo]  webapp=/solr path=/select params={q=id:*Druck*+OR+TITLE:*druck*&_=1553262246530} hits=62 status=0 QTime=16
2019-03-22 14:18:51.491 INFO  (qtp591391158-42) [   x:tchibo] o.a.s.c.S.Request [tchibo]  webapp=/solr path=/select params={q=id:*druck*+OR+TITLE:*druck*&start=0&rows=0&wt=javabin&version=2} hits=62 status=0 QTime=16
2019-03-22 14:18:51.506 INFO  (qtp591391158-54) [   x:tchibo] o.a.s.c.S.Request [tchibo]  webapp=/solr path=/select params={q=id:*druck*+OR+TITLE:*druck*&start=0&rows=62&wt=javabin&version=2} hits=62 status=0 QTime=15
2019-03-22 14:19:52.494 INFO  (qtp591391158-40) [   x:tchibo] o.a.s.c.S.Request [tchibo]  webapp=/solr path=/select params={q=id:*druck*+OR+TITLE:*druck*&start=0&rows=0&wt=javabin&version=2} hits=62 status=0 QTime=3
2019-03-22 14:19:52.509 INFO  (qtp591391158-42) [   x:tchibo] o.a.s.c.S.Request [tchibo]  webapp=/solr path=/select params={q=id:*druck*+OR+TITLE:*druck*&start=0&rows=62&wt=javabin&version=2} hits=62 status=0 QTime=1
2019-03-22 14:21:11.511 INFO  (qtp591391158-40) [   x:tchibo] o.a.s.c.S.Request [tchibo]  webapp=/solr path=/select params={q=id:*druck*+OR+TITLE:*druck*&start=0&rows=0&wt=javabin&version=2} hits=62 status=0 QTime=1
2019-03-22 14:21:11.511 INFO  (qtp591391158-18) [   x:tchibo] o.a.s.c.S.Request [tchibo]  webapp=/solr path=/select params={q=id:*druck*+OR+TITLE:*druck*&start=0&rows=62&wt=javabin&version=2} hits=62 status=0 QTime=1
2019-03-22 14:21:17.857 INFO  (qtp591391158-40) [   x:tchibo] o.a.s.c.S.Request [tchibo]  webapp=/solr path=/select params={q=id:*farbe*+OR+TITLE:*farbe*&start=0&rows=0&wt=javabin&version=2} hits=204 status=0 QTime=17
2019-03-22 14:21:17.873 INFO  (qtp591391158-18) [   x:tchibo] o.a.s.c.S.Request [tchibo]  webapp=/solr path=/select params={q=id:*farbe*+OR+TITLE:*farbe*&start=0&rows=204&wt=javabin&version=2} hits=204 status=0 QTime=15
2019-03-22 14:23:36.829 INFO  (qtp591391158-40) [   x:tchibo] o.a.s.c.S.Request [tchibo]  webapp=/solr path=/select params={q=TITLE:*Druck*&start=0&rows=0&wt=javabin&version=2} hits=62 status=0 QTime=4
2019-03-22 14:23:36.860 INFO  (qtp591391158-17) [   x:tchibo] o.a.s.c.S.Request [tchibo]  webapp=/solr path=/select params={q=TITLE:*Druck*&start=0&rows=62&wt=javabin&version=2} hits=62 status=0 QTime=4
2019-03-22 14:24:08.916 INFO  (qtp591391158-52) [   x:tchibo] o.a.s.c.S.Request [tchibo]  webapp=/solr path=/select params={q=TITLE:*Druck*&start=0&rows=0&wt=javabin&version=2} hits=62 status=0 QTime=0
2019-03-22 14:24:08.916 INFO  (qtp591391158-24) [   x:tchibo] o.a.s.c.S.Request [tchibo]  webapp=/solr path=/select params={q=TITLE:*Druck*&start=0&rows=62&wt=javabin&version=2} hits=62 status=0 QTime=0
2019-03-22 14:24:11.495 INFO  (qtp591391158-52) [   x:tchibo] o.a.s.c.S.Request [tchibo]  webapp=/solr path=/select params={q=TITLE:*Druck*&start=0&rows=0&wt=javabin&version=2} hits=62 status=0 QTime=0
2019-03-22 14:24:11.511 INFO  (qtp591391158-24) [   x:tchibo] o.a.s.c.S.Request [tchibo]  webapp=/solr path=/select params={q=TITLE:*Druck*&start=0&rows=62&wt=javabin&version=2} hits=62 status=0 QTime=0
2019-03-22 14:24:58.381 INFO  (qtp591391158-53) [   x:tchibo] o.a.s.c.S.Request [tchibo]  webapp=/solr path=/select params={q=TITLE:*Druck*&start=0&rows=0&wt=javabin&version=2} hits=62 status=0 QTime=0
2019-03-22 14:24:58.381 INFO  (qtp591391158-42) [   x:tchibo] o.a.s.c.S.Request [tchibo]  webapp=/solr path=/select params={q=TITLE:*Druck*&start=0&rows=62&wt=javabin&version=2} hits=62 status=0 QTime=0
2019-03-22 14:27:33.253 INFO  (qtp591391158-18) [   x:tchibo] o.a.s.c.S.Request [tchibo]  webapp=/solr path=/select params={q=TITLE:*Druck*&start=0&rows=0&wt=javabin&version=2} hits=62 status=0 QTime=1
2019-03-22 14:27:33.253 INFO  (qtp591391158-54) [   x:tchibo] o.a.s.c.S.Request [tchibo]  webapp=/solr path=/select params={q=TITLE:*Druck*&start=0&rows=62&wt=javabin&version=2} hits=62 status=0 QTime=0
2019-03-22 14:27:37.189 INFO  (qtp591391158-52) [   x:tchibo] o.a.s.c.S.Request [tchibo]  webapp=/solr path=/select params={q=id:*farbe*+OR+TITLE:*farbe*&start=0&rows=0&wt=javabin&version=2} hits=204 status=0 QTime=1
2019-03-22 14:27:37.205 INFO  (qtp591391158-54) [   x:tchibo] o.a.s.c.S.Request [tchibo]  webapp=/solr path=/select params={q=id:*farbe*+OR+TITLE:*farbe*&start=0&rows=204&wt=javabin&version=2} hits=204 status=0 QTime=15
2019-03-22 14:28:23.323 INFO  (qtp591391158-42) [   x:tchibo] o.a.s.c.S.Request [tchibo]  webapp=/solr path=/select params={q=id:*farbe*+OR+TITLE:*farbe*&start=0&rows=0&wt=javabin&version=2} hits=204 status=0 QTime=1
2019-03-22 14:28:23.339 INFO  (qtp591391158-52) [   x:tchibo] o.a.s.c.S.Request [tchibo]  webapp=/solr path=/select params={q=id:*farbe*+OR+TITLE:*farbe*&start=0&rows=204&wt=javabin&version=2} hits=204 status=0 QTime=14
2019-03-22 14:29:41.213 INFO  (qtp591391158-17) [   x:tchibo] o.a.s.c.S.Request [tchibo]  webapp=/solr path=/select params={q=id:*farbe*+OR+TITLE:*farbe*&start=0&rows=0&wt=javabin&version=2} hits=204 status=0 QTime=1
2019-03-22 14:29:41.234 INFO  (qtp591391158-42) [   x:tchibo] o.a.s.c.S.Request [tchibo]  webapp=/solr path=/select params={q=id:*farbe*+OR+TITLE:*farbe*&start=0&rows=204&wt=javabin&version=2} hits=204 status=0 QTime=14
2019-03-22 14:30:21.885 INFO  (qtp591391158-54) [   x:tchibo] o.a.s.c.S.Request [tchibo]  webapp=/solr path=/select params={q=id:*farbe*+OR+TITLE:*farbe*&start=0&rows=0&wt=javabin&version=2} hits=204 status=0 QTime=1
2019-03-22 14:30:21.905 INFO  (qtp591391158-17) [   x:tchibo] o.a.s.c.S.Request [tchibo]  webapp=/solr path=/select params={q=id:*farbe*+OR+TITLE:*farbe*&start=0&rows=204&wt=javabin&version=2} hits=204 status=0 QTime=13
2019-03-22 14:31:08.364 INFO  (qtp591391158-52) [   x:tchibo] o.a.s.c.S.Request [tchibo]  webapp=/solr path=/select params={q=id:*druck*+OR+TITLE:*druck*&start=0&rows=0&wt=javabin&version=2} hits=62 status=0 QTime=1
2019-03-22 14:31:08.374 INFO  (qtp591391158-54) [   x:tchibo] o.a.s.c.S.Request [tchibo]  webapp=/solr path=/select params={q=id:*druck*+OR+TITLE:*druck*&start=0&rows=62&wt=javabin&version=2} hits=62 status=0 QTime=1
2019-03-22 14:31:20.208 INFO  (qtp591391158-58) [   x:tchibo] o.a.s.c.S.Request [tchibo]  webapp=/solr path=/select params={q=id:*druck*+OR+TITLE:*druck*&start=0&rows=0&wt=javabin&version=2} hits=62 status=0 QTime=2
2019-03-22 14:31:20.219 INFO  (qtp591391158-52) [   x:tchibo] o.a.s.c.S.Request [tchibo]  webapp=/solr path=/select params={q=id:*druck*+OR+TITLE:*druck*&start=0&rows=62&wt=javabin&version=2} hits=62 status=0 QTime=1
2019-03-22 14:31:26.863 INFO  (qtp591391158-58) [   x:tchibo] o.a.s.c.S.Request [tchibo]  webapp=/solr path=/select params={q=id:*bügel*+OR+TITLE:*bügel*&start=0&rows=0&wt=javabin&version=2} hits=0 status=0 QTime=26
2019-03-22 14:31:26.867 INFO  (qtp591391158-52) [   x:tchibo] o.a.s.c.S.Request [tchibo]  webapp=/solr path=/select params={q=id:*bügel*+OR+TITLE:*bügel*&start=0&rows=0&wt=javabin&version=2} hits=0 status=0 QTime=1
2019-03-22 14:31:30.880 INFO  (qtp591391158-58) [   x:tchibo] o.a.s.c.S.Request [tchibo]  webapp=/solr path=/select params={q=id:*kleider*+OR+TITLE:*kleider*&start=0&rows=0&wt=javabin&version=2} hits=3 status=0 QTime=22
2019-03-22 14:31:30.884 INFO  (qtp591391158-52) [   x:tchibo] o.a.s.c.S.Request [tchibo]  webapp=/solr path=/select params={q=id:*kleider*+OR+TITLE:*kleider*&start=0&rows=3&wt=javabin&version=2} hits=3 status=0 QTime=1
2019-03-22 14:31:53.860 INFO  (qtp591391158-58) [   x:tchibo] o.a.s.c.S.Request [tchibo]  webapp=/solr path=/select params={q=id:*button*+OR+TITLE:*button*&start=0&rows=0&wt=javabin&version=2} hits=1 status=0 QTime=23
2019-03-22 14:31:53.864 INFO  (qtp591391158-52) [   x:tchibo] o.a.s.c.S.Request [tchibo]  webapp=/solr path=/select params={q=id:*button*+OR+TITLE:*button*&start=0&rows=1&wt=javabin&version=2} hits=1 status=0 QTime=1
2019-03-22 14:32:12.521 INFO  (qtp591391158-58) [   x:tchibo] o.a.s.c.S.Request [tchibo]  webapp=/solr path=/select params={q=TITLE:*button*&start=0&rows=0&wt=javabin&version=2} hits=1 status=0 QTime=3
2019-03-22 14:32:12.523 INFO  (qtp591391158-52) [   x:tchibo] o.a.s.c.S.Request [tchibo]  webapp=/solr path=/select params={q=TITLE:*button*&start=0&rows=1&wt=javabin&version=2} hits=1 status=0 QTime=0
2019-03-22 14:34:43.937 INFO  (qtp591391158-52) [   x:tchibo] o.a.s.c.S.Request [tchibo]  webapp=/solr path=/select params={q=TITLE:*button*&start=0&rows=0&wt=javabin&version=2} hits=1 status=0 QTime=1
2019-03-22 14:34:43.945 INFO  (qtp591391158-40) [   x:tchibo] o.a.s.c.S.Request [tchibo]  webapp=/solr path=/select params={q=TITLE:*button*&start=0&rows=1&wt=javabin&version=2} hits=1 status=0 QTime=1
2019-03-22 14:34:56.866 INFO  (qtp591391158-58) [   x:tchibo] o.a.s.c.S.Request [tchibo]  webapp=/solr path=/select params={q=PRODUCT_ID:200020222&start=0&rows=1&wt=javabin&version=2} hits=1 status=0 QTime=8
2019-03-22 14:35:02.487 INFO  (qtp591391158-40) [   x:tchibo] o.a.s.c.S.Request [tchibo]  webapp=/solr path=/select params={q=TITLE:*käse*&start=0&rows=0&wt=javabin&version=2} hits=0 status=0 QTime=3
2019-03-22 14:35:02.489 INFO  (qtp591391158-58) [   x:tchibo] o.a.s.c.S.Request [tchibo]  webapp=/solr path=/select params={q=TITLE:*käse*&start=0&rows=0&wt=javabin&version=2} hits=0 status=0 QTime=0
2019-03-22 14:35:07.615 INFO  (qtp591391158-40) [   x:tchibo] o.a.s.c.S.Request [tchibo]  webapp=/solr path=/select params={q=TITLE:*kaese*&start=0&rows=0&wt=javabin&version=2} hits=0 status=0 QTime=1
2019-03-22 14:35:07.617 INFO  (qtp591391158-58) [   x:tchibo] o.a.s.c.S.Request [tchibo]  webapp=/solr path=/select params={q=TITLE:*kaese*&start=0&rows=0&wt=javabin&version=2} hits=0 status=0 QTime=0
2019-03-22 14:35:13.195 INFO  (qtp591391158-40) [   x:tchibo] o.a.s.c.S.Request [tchibo]  webapp=/solr path=/select params={q=TITLE:*wurst*&start=0&rows=0&wt=javabin&version=2} hits=1 status=0 QTime=3
2019-03-22 14:35:13.196 INFO  (qtp591391158-58) [   x:tchibo] o.a.s.c.S.Request [tchibo]  webapp=/solr path=/select params={q=TITLE:*wurst*&start=0&rows=1&wt=javabin&version=2} hits=1 status=0 QTime=0
2019-03-22 14:46:57.360 INFO  (qtp591391158-52) [   x:tchibo] o.a.s.c.S.Request [tchibo]  webapp=/solr path=/select params={q=TITLE:*wurst*&start=0&rows=0&wt=javabin&version=2} hits=1 status=0 QTime=0
2019-03-22 14:46:57.367 INFO  (qtp591391158-24) [   x:tchibo] o.a.s.c.S.Request [tchibo]  webapp=/solr path=/select params={q=TITLE:*wurst*&start=0&rows=1&wt=javabin&version=2} hits=1 status=0 QTime=0
2019-03-22 14:46:59.946 INFO  (qtp591391158-53) [   x:tchibo] o.a.s.c.S.Request [tchibo]  webapp=/solr path=/select params={q=PRODUCT_ID:200020222&start=0&rows=1&wt=javabin&version=2} hits=1 status=0 QTime=0
2019-03-22 14:47:10.978 INFO  (qtp591391158-24) [   x:tchibo] o.a.s.c.S.Request [tchibo]  webapp=/solr path=/select params={q=TITLE:*brot*&start=0&rows=0&wt=javabin&version=2} hits=5 status=0 QTime=3
2019-03-22 14:47:10.981 INFO  (qtp591391158-53) [   x:tchibo] o.a.s.c.S.Request [tchibo]  webapp=/solr path=/select params={q=TITLE:*brot*&start=0&rows=5&wt=javabin&version=2} hits=5 status=0 QTime=0
2019-03-22 14:52:32.921 INFO  (qtp591391158-58) [   x:tchibo] o.a.s.c.S.Request [tchibo]  webapp=/solr path=/select params={q=TITLE:*THEO*&start=0&fq=!VISIBILITY:"ARCHIVE"+AND+!VISIBILITY:"NONE"&rows=0&wt=javabin&version=2} hits=0 status=0 QTime=4
2019-03-22 14:52:32.942 INFO  (qtp591391158-17) [   x:tchibo] o.a.s.c.S.Request [tchibo]  webapp=/solr path=/select params={q=TITLE:*THEO*&start=0&fq=!VISIBILITY:"ARCHIVE"+AND+!VISIBILITY:"NONE"&rows=0&wt=javabin&version=2} hits=0 status=0 QTime=0
2019-03-22 14:52:42.016 INFO  (qtp591391158-24) [   x:tchibo] o.a.s.c.S.Request [tchibo]  webapp=/solr path=/select params={q=PRODUCT_ID:200020222&start=0&rows=1&wt=javabin&version=2} hits=1 status=0 QTime=0
2019-03-22 14:52:47.087 INFO  (qtp591391158-17) [   x:tchibo] o.a.s.c.S.Request [tchibo]  webapp=/solr path=/select params={q=TITLE:*theo*&start=0&fq=!VISIBILITY:"ARCHIVE"+AND+!VISIBILITY:"NONE"&rows=0&wt=javabin&version=2} hits=0 status=0 QTime=0
2019-03-22 14:52:47.090 INFO  (qtp591391158-24) [   x:tchibo] o.a.s.c.S.Request [tchibo]  webapp=/solr path=/select params={q=TITLE:*theo*&start=0&fq=!VISIBILITY:"ARCHIVE"+AND+!VISIBILITY:"NONE"&rows=0&wt=javabin&version=2} hits=0 status=0 QTime=0
2019-03-22 14:52:50.207 INFO  (qtp591391158-17) [   x:tchibo] o.a.s.c.S.Request [tchibo]  webapp=/solr path=/select params={q=TITLE:*buch*&start=0&fq=!VISIBILITY:"ARCHIVE"+AND+!VISIBILITY:"NONE"&rows=0&wt=javabin&version=2} hits=15 status=0 QTime=4
2019-03-22 14:52:50.209 INFO  (qtp591391158-24) [   x:tchibo] o.a.s.c.S.Request [tchibo]  webapp=/solr path=/select params={q=TITLE:*buch*&start=0&fq=!VISIBILITY:"ARCHIVE"+AND+!VISIBILITY:"NONE"&rows=15&wt=javabin&version=2} hits=15 status=0 QTime=0
2019-03-22 14:53:01.163 INFO  (qtp591391158-17) [   x:tchibo] o.a.s.c.S.Request [tchibo]  webapp=/solr path=/select params={q=TITLE:*tuch*&start=0&fq=!VISIBILITY:"ARCHIVE"+AND+!VISIBILITY:"NONE"&rows=0&wt=javabin&version=2} hits=92 status=0 QTime=4
2019-03-22 14:53:01.170 INFO  (qtp591391158-24) [   x:tchibo] o.a.s.c.S.Request [tchibo]  webapp=/solr path=/select params={q=TITLE:*tuch*&start=0&fq=!VISIBILITY:"ARCHIVE"+AND+!VISIBILITY:"NONE"&rows=92&wt=javabin&version=2} hits=92 status=0 QTime=5
